<?xml version="1.0" ?>
<coverage branch-rate="0" branches-covered="0" branches-valid="0" complexity="0" line-rate="0.6061" lines-covered="20" lines-valid="33" timestamp="1562496142352" version="4.5.3">
	<!-- Generated by coverage.py: https://coverage.readthedocs.io -->
	<!-- Based on https://raw.githubusercontent.com/cobertura/web/master/htdocs/xml/coverage-04.dtd -->
	<sources>
		<source>/home/tgates/data/pytest-buildkite/app/pytest_buildkite</source>
	</sources>
	<packages>
		<package branch-rate="0" complexity="0" line-rate="0.6061" name=".">
			<classes>
				<class branch-rate="0" complexity="0" filename="__init__.py" line-rate="0.6061" name="__init__.py">
					<methods/>
					<lines>
						<line hits="0" number="2"/>
						<line hits="0" number="7"/>
						<line hits="0" number="9"/>
						<line hits="0" number="11"/>
						<line hits="0" number="13"/>
						<line hits="0" number="16"/>
						<line hits="1" number="21"/>
						<line hits="1" number="22"/>
						<line hits="1" number="23"/>
						<line hits="1" number="26"/>
						<line hits="1" number="27"/>
						<line hits="0" number="34"/>
						<line hits="1" number="39"/>
						<line hits="1" number="45"/>
						<line hits="1" number="48"/>
						<line hits="1" number="49"/>
						<line hits="1" number="50"/>
						<line hits="1" number="51"/>
						<line hits="0" number="52"/>
						<line hits="0" number="53"/>
						<line hits="0" number="55"/>
						<line hits="1" number="56"/>
						<line hits="1" number="58"/>
						<line hits="1" number="59"/>
						<line hits="1" number="64"/>
						<line hits="0" number="65"/>
						<line hits="0" number="73"/>
						<line hits="1" number="79"/>
						<line hits="0" number="84"/>
						<line hits="1" number="88"/>
						<line hits="1" number="89"/>
						<line hits="1" number="90"/>
						<line hits="1" number="91"/>
					</lines>
				</class>
			</classes>
		</package>
	</packages>
</coverage>
